Temp/gradleOut/build/outputs/logs/manifest-merger-release-report.txt
-- Merging decision tree log ---
manifest
ADDED from src\main\AndroidManifest.xml:2:1-36:12
	package
		ADDED from src\main\AndroidManifest.xml:2:70-109
		INJECTED from src\main\AndroidManifest.xml
		INJECTED from src\main\AndroidManifest.xml
	android:versionName
		ADDED from src\main\AndroidManifest.xml:2:158-183
		INJECTED from src\main\AndroidManifest.xml
		INJECTED from src\main\AndroidManifest.xml
	android:versionCode
		ADDED from src\main\AndroidManifest.xml:2:184-207
		INJECTED from src\main\AndroidManifest.xml
		INJECTED from src\main\AndroidManifest.xml
	xmlns:android
		ADDED from src\main\AndroidManifest.xml:2:11-69
	android:installLocation
		ADDED from src\main\AndroidManifest.xml:2:208-248
	android:theme
		ADDED from src\main\AndroidManifest.xml:2:110-157
supports-screens
ADDED from src\main\AndroidManifest.xml:3:3-163
	android:largeScreens
		ADDED from src\main\AndroidManifest.xml:3:47-74
	android:smallScreens
		ADDED from src\main\AndroidManifest.xml:3:104-131
	android:normalScreens
		ADDED from src\main\AndroidManifest.xml:3:75-103
	android:xlargeScreens
		ADDED from src\main\AndroidManifest.xml:3:132-160
	android:anyDensity
		ADDED from src\main\AndroidManifest.xml:3:21-46
uses-permission#android.permission.RECORD_AUDIO
ADDED from src\main\AndroidManifest.xml:4:3-69
	android:name
		ADDED from src\main\AndroidManifest.xml:4:20-66
application
ADDED from src\main\AndroidManifest.xml:5:3-22:17
	android:label
		ADDED from src\main\AndroidManifest.xml:5:50-82
	android:icon
		ADDED from src\main\AndroidManifest.xml:5:16-49
	android:banner
		ADDED from src\main\AndroidManifest.xml:5:105-142
	android:isGame
		ADDED from src\main\AndroidManifest.xml:5:83-104
activity#com.unity3d.player.UnityPlayerProxyActivity
ADDED from src\main\AndroidManifest.xml:6:5-12:16
	android:screenOrientation
		ADDED from src\main\AndroidManifest.xml:6:107-143
	android:label
		ADDED from src\main\AndroidManifest.xml:6:74-106
	android:launchMode
		ADDED from src\main\AndroidManifest.xml:6:144-175
	android:configChanges
		ADDED from src\main\AndroidManifest.xml:6:176-357
	android:name
		ADDED from src\main\AndroidManifest.xml:6:15-73
intent-filter#android.intent.action.MAIN+android.intent.category.LAUNCHER+android.intent.category.LEANBACK_LAUNCHER
ADDED from src\main\AndroidManifest.xml:7:7-11:23
action#android.intent.action.MAIN
ADDED from src\main\AndroidManifest.xml:8:9-61
	android:name
		ADDED from src\main\AndroidManifest.xml:8:17-58
category#android.intent.category.LAUNCHER
ADDED from src\main\AndroidManifest.xml:9:9-69
	android:name
		ADDED from src\main\AndroidManifest.xml:9:19-66
category#android.intent.category.LEANBACK_LAUNCHER
ADDED from src\main\AndroidManifest.xml:10:9-78
	android:name
		ADDED from src\main\AndroidManifest.xml:10:19-75
activity#com.unity3d.player.UnityPlayerActivity
ADDED from src\main\AndroidManifest.xml:13:5-14:16
	android:screenOrientation
		ADDED from src\main\AndroidManifest.xml:13:102-138
	android:label
		ADDED from src\main\AndroidManifest.xml:13:69-101
	android:launchMode
		ADDED from src\main\AndroidManifest.xml:13:139-170
	android:configChanges
		ADDED from src\main\AndroidManifest.xml:13:171-352
	android:name
		ADDED from src\main\AndroidManifest.xml:13:15-68
activity#com.unity3d.player.UnityPlayerNativeActivity
ADDED from src\main\AndroidManifest.xml:15:5-17:16
	android:screenOrientation
		ADDED from src\main\AndroidManifest.xml:15:108-144
	android:label
		ADDED from src\main\AndroidManifest.xml:15:75-107
	android:launchMode
		ADDED from src\main\AndroidManifest.xml:15:145-176
	android:configChanges
		ADDED from src\main\AndroidManifest.xml:15:177-358
	android:name
		ADDED from src\main\AndroidManifest.xml:15:15-74
meta-data#unityplayer.ForwardNativeEventsToDalvik
ADDED from src\main\AndroidManifest.xml:16:7-97
	android:value
		ADDED from src\main\AndroidManifest.xml:16:73-94
	android:name
		ADDED from src\main\AndroidManifest.xml:16:18-72
meta-data#unity.build-id
ADDED from src\main\AndroidManifest.xml:18:5-101
	android:value
		ADDED from src\main\AndroidManifest.xml:18:46-98
	android:name
		ADDED from src\main\AndroidManifest.xml:18:16-45
meta-data#unity.splash-mode
ADDED from src\main\AndroidManifest.xml:19:5-69
	android:value
		ADDED from src\main\AndroidManifest.xml:19:49-66
	android:name
		ADDED from src\main\AndroidManifest.xml:19:16-48
meta-data#unity.splash-enable
ADDED from src\main\AndroidManifest.xml:20:5-74
	android:value
		ADDED from src\main\AndroidManifest.xml:20:51-71
	android:name
		ADDED from src\main\AndroidManifest.xml:20:16-50
meta-data#android.max_aspect
ADDED from src\main\AndroidManifest.xml:21:5-72
	android:value
		ADDED from src\main\AndroidManifest.xml:21:50-69
	android:name
		ADDED from src\main\AndroidManifest.xml:21:16-49
uses-sdk
ADDED from src\main\AndroidManifest.xml:23:3-72
	android:targetSdkVersion
		ADDED from src\main\AndroidManifest.xml:23:40-69
		INJECTED from src\main\AndroidManifest.xml
		INJECTED from src\main\AndroidManifest.xml
	android:minSdkVersion
		ADDED from src\main\AndroidManifest.xml:23:13-39
uses-feature#0x00020000
ADDED from src\main\AndroidManifest.xml:24:3-52
	android:glEsVersion
		ADDED from src\main\AndroidManifest.xml:24:17-49
uses-permission#android.permission.INTERNET
ADDED from src\main\AndroidManifest.xml:25:3-65
	android:name
		ADDED from src\main\AndroidManifest.xml:25:20-62
uses-permission#android.permission.ACCESS_FINE_LOCATION
ADDED from src\main\AndroidManifest.xml:26:3-77
	android:name
		ADDED from src\main\AndroidManifest.xml:26:20-74
uses-feature#android.hardware.location.gps
ADDED from src\main\AndroidManifest.xml:27:3-89
	android:required
		ADDED from src\main\AndroidManifest.xml:27:62-86
	android:name
		ADDED from src\main\AndroidManifest.xml:27:17-61
uses-feature#android.hardware.location
ADDED from src\main\AndroidManifest.xml:28:3-85
	android:required
		ADDED from src\main\AndroidManifest.xml:28:58-82
	android:name
		ADDED from src\main\AndroidManifest.xml:28:17-57
uses-permission#android.permission.CAMERA
ADDED from src\main\AndroidManifest.xml:29:3-63
	android:name
		ADDED from src\main\AndroidManifest.xml:29:20-60
uses-feature#android.hardware.camera
ADDED from src\main\AndroidManifest.xml:30:3-83
	android:required
		ADDED from src\main\AndroidManifest.xml:30:56-80
	android:name
		ADDED from src\main\AndroidManifest.xml:30:17-55
uses-feature#android.hardware.camera.autofocus
ADDED from src\main\AndroidManifest.xml:31:3-93
	android:required
		ADDED from src\main\AndroidManifest.xml:31:66-90
	android:name
		ADDED from src\main\AndroidManifest.xml:31:17-65
uses-feature#android.hardware.camera.front
ADDED from src\main\AndroidManifest.xml:32:3-89
	android:required
		ADDED from src\main\AndroidManifest.xml:32:62-86
	android:name
		ADDED from src\main\AndroidManifest.xml:32:17-61
uses-feature#android.hardware.touchscreen
ADDED from src\main\AndroidManifest.xml:33:3-88
	android:required
		ADDED from src\main\AndroidManifest.xml:33:61-85
	android:name
		ADDED from src\main\AndroidManifest.xml:33:17-60
uses-feature#android.hardware.touchscreen.multitouch
ADDED from src\main\AndroidManifest.xml:34:3-99
	android:required
		ADDED from src\main\AndroidManifest.xml:34:72-96
	android:name
		ADDED from src\main\AndroidManifest.xml:34:17-71
uses-feature#android.hardware.touchscreen.multitouch.distinct
ADDED from src\main\AndroidManifest.xml:35:3-108
	android:required
		ADDED from src\main\AndroidManifest.xml:35:81-105
	android:name
		ADDED from src\main\AndroidManifest.xml:35:17-80